<?xml version="1.0" encoding="UTF-8"?>
<testng-results ignored="0" total="1" passed="1" failed="0" skipped="0">
  <reporter-output>
  </reporter-output>
  <suite started-at="2022-08-04T16:21:00 IST" name="Default suite" finished-at="2022-08-04T16:21:08 IST" duration-ms="8715">
    <groups>
    </groups>
    <test started-at="2022-08-04T16:21:00 IST" name="Default test" finished-at="2022-08-04T16:21:08 IST" duration-ms="8715">
      <class name="com.alberta.test.NotePadTest">
        <test-method is-config="true" signature="setUp()[pri:0, instance:com.alberta.test.NotePadTest@6d4e5011]" started-at="2022-08-04T16:21:00 IST" name="setUp" finished-at="2022-08-04T16:21:01 IST" duration-ms="1278" status="PASS">
          <reporter-output>
          </reporter-output>
        </test-method> <!-- setUp -->
        <test-method signature="notePadTest()[pri:0, instance:com.alberta.test.NotePadTest@6d4e5011]" started-at="2022-08-04T16:21:01 IST" name="notePadTest" finished-at="2022-08-04T16:21:08 IST" duration-ms="7269" status="PASS">
          <reporter-output>
          </reporter-output>
        </test-method> <!-- notePadTest -->
        <test-method is-config="true" signature="tearDown()[pri:0, instance:com.alberta.test.NotePadTest@6d4e5011]" started-at="2022-08-04T16:21:08 IST" name="tearDown" finished-at="2022-08-04T16:21:08 IST" duration-ms="95" status="PASS">
          <reporter-output>
          </reporter-output>
        </test-method> <!-- tearDown -->
      </class> <!-- com.alberta.test.NotePadTest -->
    </test> <!-- Default test -->
  </suite> <!-- Default suite -->
</testng-results>
