<?xml version="1.0" encoding="UTF-8"?>
<testng-results ignored="0" total="1" passed="1" failed="0" skipped="0">
  <reporter-output>
  </reporter-output>
  <suite started-at="2023-01-01T22:08:02 IST" name="Default suite" finished-at="2023-01-01T22:08:49 IST" duration-ms="46473">
    <groups>
    </groups>
    <test started-at="2023-01-01T22:08:02 IST" name="Default test" finished-at="2023-01-01T22:08:49 IST" duration-ms="46473">
      <class name="com.alberta.qa.testcases.Products_ItemsPageTest">
        <test-method is-config="true" signature="beforeSuite()[pri:0, instance:com.alberta.qa.testcases.Products_ItemsPageTest@229c6181]" started-at="2023-01-01T22:08:02 IST" name="beforeSuite" finished-at="2023-01-01T22:08:02 IST" duration-ms="374" status="PASS">
          <reporter-output>
          </reporter-output>
        </test-method> <!-- beforeSuite -->
        <test-method is-config="true" signature="setUp()[pri:0, instance:com.alberta.qa.testcases.Products_ItemsPageTest@229c6181]" started-at="2023-01-01T22:08:02 IST" name="setUp" finished-at="2023-01-01T22:08:13 IST" duration-ms="10828" status="PASS">
          <reporter-output>
          </reporter-output>
        </test-method> <!-- setUp -->
        <test-method signature="createItemPageTest(java.lang.String,java.lang.String,java.lang.String,java.lang.String,java.lang.String,java.lang.String,java.lang.String,java.lang.String,java.lang.String,java.lang.String,java.lang.String,java.lang.String,java.lang.String,java.lang.String,java.lang.String,java.lang.String)[pri:0, instance:com.alberta.qa.testcases.Products_ItemsPageTest@229c6181]" started-at="2023-01-01T22:08:14 IST" name="createItemPageTest" data-provider="getAlbertaTestData" finished-at="2023-01-01T22:08:48 IST" duration-ms="34433" status="PASS">
          <params>
            <param index="0">
              <value>
                <![CDATA[1.0]]>
              </value>
            </param>
            <param index="1">
              <value>
                <![CDATA[2204040]]>
              </value>
            </param>
            <param index="2">
              <value>
                <![CDATA[TestItem1]]>
              </value>
            </param>
            <param index="3">
              <value>
                <![CDATA[Standard]]>
              </value>
            </param>
            <param index="4">
              <value>
                <![CDATA[Dept_A]]>
              </value>
            </param>
            <param index="5">
              <value>
                <![CDATA[Cat_A]]>
              </value>
            </param>
            <param index="6">
              <value>
                <![CDATA[SubCat_A]]>
              </value>
            </param>
            <param index="7">
              <value>
                <![CDATA[13]]>
              </value>
            </param>
            <param index="8">
              <value>
                <![CDATA[19]]>
              </value>
            </param>
            <param index="9">
              <value>
                <![CDATA[Hari Vendor]]>
              </value>
            </param>
            <param index="10">
              <value>
                <![CDATA[TAX4]]>
              </value>
            </param>
            <param index="11">
              <value>
                <![CDATA[Each]]>
              </value>
            </param>
            <param index="12">
              <value>
                <![CDATA[SINGLE]]>
              </value>
            </param>
            <param index="13">
              <value>
                <![CDATA[Eagles]]>
              </value>
            </param>
            <param index="14">
              <value>
                <![CDATA[None]]>
              </value>
            </param>
            <param index="15">
              <value>
                <![CDATA[22]]>
              </value>
            </param>
          </params>
          <reporter-output>
          </reporter-output>
        </test-method> <!-- createItemPageTest -->
        <test-method is-config="true" signature="takeScreenshot(org.testng.ITestResult)[pri:0, instance:com.alberta.qa.testcases.Products_ItemsPageTest@229c6181]" started-at="2023-01-01T22:08:48 IST" name="takeScreenshot" finished-at="2023-01-01T22:08:49 IST" duration-ms="152" status="PASS">
          <params>
            <param index="0">
              <value>
                <![CDATA[[TestResult name=createItemPageTest status=SUCCESS method=Products_ItemsPageTest.createItemPageTest(java.lang.String,java.lang.String,java.lang.String,java.lang.String,java.lang.String,java.lang.String,java.lang.String,java.lang.String,java.lang.String,java.lang.String,java.lang.String,java.lang.String,java.lang.String,java.lang.String,java.lang.String,java.lang.String)[pri:0, instance:com.alberta.qa.testcases.Products_ItemsPageTest@229c6181] output={null}]]]>
              </value>
            </param>
          </params>
          <reporter-output>
          </reporter-output>
        </test-method> <!-- takeScreenshot -->
        <test-method is-config="true" signature="tearDown()[pri:0, instance:com.alberta.qa.testcases.Products_ItemsPageTest@229c6181]" started-at="2023-01-01T22:08:49 IST" name="tearDown" finished-at="2023-01-01T22:08:49 IST" duration-ms="1" status="PASS">
          <reporter-output>
          </reporter-output>
        </test-method> <!-- tearDown -->
        <test-method is-config="true" signature="afterSuite()[pri:0, instance:com.alberta.qa.testcases.Products_ItemsPageTest@229c6181]" started-at="2023-01-01T22:08:49 IST" name="afterSuite" finished-at="2023-01-01T22:08:49 IST" duration-ms="324" status="PASS">
          <reporter-output>
          </reporter-output>
        </test-method> <!-- afterSuite -->
      </class> <!-- com.alberta.qa.testcases.Products_ItemsPageTest -->
    </test> <!-- Default test -->
  </suite> <!-- Default suite -->
</testng-results>
